<?xml version="1.0" encoding="UTF-8"?>
<!-- Generated by org.testng.reporters.JUnitReportReporter -->
<testsuite hostname="QA-ARATHOD01" name="Tests.Login_Page" tests="1" failures="0" timestamp="22 Mar 2021 16:25:07 GMT" time="15.102" errors="0">
  <testcase name="Login_test" time="15.102" classname="Tests.Login_Page"/>
</testsuite> <!-- Tests.Login_Page -->
