<?xml version="1.0" encoding="UTF-8"?>
<!-- Generated by org.testng.reporters.JUnitReportReporter -->
<testsuite hostname="QA-ARATHOD01" name="Tests.Login_Page" tests="1" failures="0" timestamp="24 Mar 2021 17:57:48 GMT" time="15.151" errors="0">
  <testcase name="Login_test" time="15.151" classname="Tests.Login_Page"/>
</testsuite> <!-- Tests.Login_Page -->
