<?xml version="1.0" encoding="UTF-8"?>
<!-- Generated by org.testng.reporters.JUnitReportReporter -->
<testsuite hostname="QA-ARATHOD01" name="Tests.Login_Page" tests="1" failures="0" timestamp="13 May 2021 18:52:54 GMT" time="14.936" errors="0">
  <testcase name="Login_test" time="14.936" classname="Tests.Login_Page"/>
</testsuite> <!-- Tests.Login_Page -->
